Build started 6/6/2013 9:49:58 PM.
     1>Project "C:\Users\Brent\Documents\GitHub\SDL_GUI\SDL_GUI\SDL_GUI.vcxproj" on node 2 (Build target(s)).
     1>ClCompile:
         C:\Program Files (x86)\Microsoft Visual Studio 11.0\VC\bin\CL.exe /c /ZI /nologo /W3 /WX- /sdl /Od /Oy- /D _MBCS /Gm /EHsc /RTC1 /MD /GS /fp:precise /Zc:wchar_t /Zc:forScope /Fo"Debug\\" /Fd"Debug\vc110.pdb" /Gd /TP /analyze- /errorReport:prompt ImageManager.cpp InputManager.cpp Main.cpp Rectangle.cpp SDL_GUI_Button.cpp SLD_GUI_Element.cpp Vector2.cpp
         Vector2.cpp
     1>c:\users\brent\documents\github\sdl_gui\sdl_gui\vector2.cpp(26): warning C4244: 'initializing' : conversion from 'double' to 'float', possible loss of data
     1>c:\users\brent\documents\github\sdl_gui\sdl_gui\vector2.cpp(27): warning C4244: '=' : conversion from 'float' to 'int', possible loss of data
     1>c:\users\brent\documents\github\sdl_gui\sdl_gui\vector2.cpp(28): warning C4244: '=' : conversion from 'float' to 'int', possible loss of data
     1>c:\users\brent\documents\github\sdl_gui\sdl_gui\vector2.cpp(35): warning C4244: 'initializing' : conversion from 'double' to 'float', possible loss of data
     1>c:\users\brent\documents\github\sdl_gui\sdl_gui\vector2.cpp(36): warning C4244: '=' : conversion from 'float' to 'int', possible loss of data
     1>c:\users\brent\documents\github\sdl_gui\sdl_gui\vector2.cpp(37): warning C4244: '=' : conversion from 'float' to 'int', possible loss of data
         SDL_GUI_Button.cpp
         Generating Code...
         Compiling...
         SLD_GUI_Element.cpp
         Rectangle.cpp
         Main.cpp
     1>c:\users\brent\documents\github\sdl_gui\sdl_gui\main.cpp(48): warning C4244: '=' : conversion from 'float' to 'int', possible loss of data
     1>c:\users\brent\documents\github\sdl_gui\sdl_gui\main.cpp(49): warning C4244: '=' : conversion from 'float' to 'int', possible loss of data
     1>c:\users\brent\documents\github\sdl_gui\sdl_gui\main.cpp(69): warning C4244: '=' : conversion from 'float' to 'int', possible loss of data
     1>c:\users\brent\documents\github\sdl_gui\sdl_gui\main.cpp(70): warning C4244: '=' : conversion from 'float' to 'int', possible loss of data
         ImageManager.cpp
         Generating Code...
         Skipping... (no relevant changes detected)
         InputManager.cpp
       Link:
         C:\Program Files (x86)\Microsoft Visual Studio 11.0\VC\bin\link.exe /ERRORREPORT:PROMPT /OUT:"C:\Users\Brent\Documents\GitHub\SDL_GUI\Debug\SDL_GUI.exe" /INCREMENTAL /NOLOGO SDL.lib SDLmain.lib SDL_image.lib SDL_ttf.lib SDL_mixer.lib kernel32.lib user32.lib gdi32.lib winspool.lib comdlg32.lib advapi32.lib shell32.lib ole32.lib oleaut32.lib uuid.lib odbc32.lib odbccp32.lib /MANIFEST /MANIFESTUAC:"level='asInvoker' uiAccess='false'" /manifest:embed /DEBUG /PDB:"C:\Users\Brent\Documents\GitHub\SDL_GUI\Debug\SDL_GUI.pdb" /SUBSYSTEM:WINDOWS /TLBID:1 /DYNAMICBASE /NXCOMPAT /IMPLIB:"C:\Users\Brent\Documents\GitHub\SDL_GUI\Debug\SDL_GUI.lib" /MACHINE:X86 Debug\ImageManager.obj
         Debug\InputManager.obj
         Debug\Main.obj
         Debug\Rectangle.obj
         Debug\SDL_GUI_Button.obj
         Debug\SLD_GUI_Element.obj
         Debug\Vector2.obj
         SDL_GUI.vcxproj -> C:\Users\Brent\Documents\GitHub\SDL_GUI\Debug\SDL_GUI.exe
     1>Done Building Project "C:\Users\Brent\Documents\GitHub\SDL_GUI\SDL_GUI\SDL_GUI.vcxproj" (Build target(s)).

Build succeeded.

Time Elapsed 00:00:03.25
